[06-May-2025 20:23:41 UTC] PHP Fatal error:  Uncaught TypeError: call_user_func_array(): Argument #1 ($callback) must be a valid callback, function "gmd_load_resources" not found or invalid function name in C:\Users\hk020\Local Sites\test-blog\app\public\wp-includes\class-wp-hook.php:324
Stack trace:
#0 C:\Users\hk020\Local Sites\test-blog\app\public\wp-includes\class-wp-hook.php(348): WP_Hook->apply_filters(NULL, Array)
#1 C:\Users\hk020\Local Sites\test-blog\app\public\wp-includes\plugin.php(517): WP_Hook->do_action(Array)
#2 C:\Users\hk020\Local Sites\test-blog\app\public\wp-includes\script-loader.php(2299): do_action('wp_enqueue_scri...')
#3 C:\Users\hk020\Local Sites\test-blog\app\public\wp-includes\class-wp-hook.php(324): wp_enqueue_scripts('')
#4 C:\Users\hk020\Local Sites\test-blog\app\public\wp-includes\class-wp-hook.php(348): WP_Hook->apply_filters(NULL, Array)
#5 C:\Users\hk020\Local Sites\test-blog\app\public\wp-includes\plugin.php(517): WP_Hook->do_action(Array)
#6 C:\Users\hk020\Local Sites\test-blog\app\public\wp-includes\general-template.php(3192): do_action('wp_head')
#7 C:\Users\hk020\Local Sites\test-blog\app\public\wp-content\themes\Test Blog\header.php(7): wp_head()
#8 C:\Users\hk020\Local Sites\test-blog\app\public\wp-includes\template.php(810): require_once('C:\\Users\\hk020\\...')
#9 C:\Users\hk020\Local Sites\test-blog\app\public\wp-includes\template.php(745): load_template('C:\\Users\\hk020\\...', true, Array)
#10 C:\Users\hk020\Local Sites\test-blog\app\public\wp-includes\general-template.php(48): locate_template(Array, true, true, Array)
#11 C:\Users\hk020\Local Sites\test-blog\app\public\wp-content\themes\Test Blog\index.php(1): get_header()
#12 C:\Users\hk020\Local Sites\test-blog\app\public\wp-includes\template-loader.php(106): include('C:\\Users\\hk020\\...')
#13 C:\Users\hk020\Local Sites\test-blog\app\public\wp-blog-header.php(19): require_once('C:\\Users\\hk020\\...')
#14 C:\Users\hk020\Local Sites\test-blog\app\public\index.php(17): require('C:\\Users\\hk020\\...')
#15 {main}
  thrown in C:\Users\hk020\Local Sites\test-blog\app\public\wp-includes\class-wp-hook.php on line 324
[10-May-2025 21:11:09 UTC] PHP Warning:  Undefined variable $HeroImage in C:\Users\hk020\Local Sites\test-blog\app\public\wp-content\themes\Test Blog\index.php on line 17
[10-May-2025 21:11:09 UTC] PHP Warning:  Trying to access array offset on value of type null in C:\Users\hk020\Local Sites\test-blog\app\public\wp-content\themes\Test Blog\index.php on line 17
[10-May-2025 21:11:09 UTC] PHP Warning:  Trying to access array offset on value of type null in C:\Users\hk020\Local Sites\test-blog\app\public\wp-content\themes\Test Blog\index.php on line 17
[10-May-2025 21:11:09 UTC] PHP Warning:  Undefined variable $HeroImageclass in C:\Users\hk020\Local Sites\test-blog\app\public\wp-content\themes\Test Blog\index.php on line 17
[10-May-2025 21:11:09 UTC] PHP Warning:  Trying to access array offset on value of type null in C:\Users\hk020\Local Sites\test-blog\app\public\wp-content\themes\Test Blog\index.php on line 17
[10-May-2025 21:15:17 UTC] PHP Warning:  Undefined variable $HeroImage in C:\Users\hk020\Local Sites\test-blog\app\public\wp-content\themes\Test Blog\index.php on line 17
[10-May-2025 21:15:17 UTC] PHP Warning:  Trying to access array offset on value of type null in C:\Users\hk020\Local Sites\test-blog\app\public\wp-content\themes\Test Blog\index.php on line 17
[10-May-2025 21:15:17 UTC] PHP Warning:  Trying to access array offset on value of type null in C:\Users\hk020\Local Sites\test-blog\app\public\wp-content\themes\Test Blog\index.php on line 17
[10-May-2025 21:15:17 UTC] PHP Warning:  Undefined variable $HeroImageclass in C:\Users\hk020\Local Sites\test-blog\app\public\wp-content\themes\Test Blog\index.php on line 17
[10-May-2025 21:15:17 UTC] PHP Warning:  Trying to access array offset on value of type null in C:\Users\hk020\Local Sites\test-blog\app\public\wp-content\themes\Test Blog\index.php on line 17
[10-May-2025 21:16:36 UTC] PHP Warning:  Undefined variable $HeroImage in C:\Users\hk020\Local Sites\test-blog\app\public\wp-content\themes\Test Blog\index.php on line 17
[10-May-2025 21:18:10 UTC] PHP Warning:  Trying to access array offset on value of type null in C:\Users\hk020\Local Sites\test-blog\app\public\wp-content\themes\Test Blog\index.php on line 17
[10-May-2025 21:18:10 UTC] PHP Warning:  Trying to access array offset on value of type null in C:\Users\hk020\Local Sites\test-blog\app\public\wp-content\themes\Test Blog\index.php on line 17
[10-May-2025 21:19:00 UTC] PHP Warning:  Trying to access array offset on value of type null in C:\Users\hk020\Local Sites\test-blog\app\public\wp-content\themes\Test Blog\index.php on line 17
[10-May-2025 21:19:01 UTC] PHP Warning:  Trying to access array offset on value of type null in C:\Users\hk020\Local Sites\test-blog\app\public\wp-content\themes\Test Blog\index.php on line 17
